# JRE version: OpenJDK Runtime Environment (8.0_152-b01) (build 1.8.0_152-release-1343-b01)
# Java VM: OpenJDK 64-Bit Server VM (25.152-b01 mixed mode windows-amd64 compressed oops)
Heap:
 def new generation   total 78848K, used 75588K [0x00000000a0000000, 0x00000000a5580000, 0x00000000c0000000)
  eden space 70144K,  96% used [0x00000000a0000000, 0x00000000a4200a30, 0x00000000a4480000)
  from space 8704K,  91% used [0x00000000a4d00000, 0x00000000a54d0988, 0x00000000a5580000)
  to   space 8704K,   0% used [0x00000000a4480000, 0x00000000a4480000, 0x00000000a4d00000)
 tenured generation   total 174784K, used 97413K [0x00000000c0000000, 0x00000000caab0000, 0x0000000100000000)
   the space 174784K,  55% used [0x00000000c0000000, 0x00000000c5f21580, 0x00000000c5f21600, 0x00000000caab0000)
 Metaspace       used 88182K, capacity 91302K, committed 91544K, reserved 1128448K
  class space    used 11528K, capacity 12195K, committed 12208K, reserved 1048576K
GC Heap History (10 events):
Event: 120.689 GC heap before
{Heap before GC invocations=22 (full 3):
 def new generation   total 78848K, used 78848K [0x00000000a0000000, 0x00000000a5580000, 0x00000000c0000000)
  eden space 70144K, 100% used [0x00000000a0000000, 0x00000000a4480000, 0x00000000a4480000)
  from space 8704K, 100% used [0x00000000a4480000, 0x00000000a4d00000, 0x00000000a4d00000)
  to   space 8704K,   0% used [0x00000000a4d00000, 0x00000000a4d00000, 0x00000000a5580000)
 tenured generation   total 174784K, used 68453K [0x00000000c0000000, 0x00000000caab0000, 0x0000000100000000)
   the space 174784K,  39% used [0x00000000c0000000, 0x00000000c42d96f0, 0x00000000c42d9800, 0x00000000caab0000)
 Metaspace       used 77897K, capacity 80218K, committed 80408K, reserved 1118208K
  class space    used 10225K, capacity 10741K, committed 10800K, reserved 1048576K
Event: 120.723 GC heap after
Heap after GC invocations=23 (full 3):
 def new generation   total 78848K, used 5011K [0x00000000a0000000, 0x00000000a5580000, 0x00000000c0000000)
  eden space 70144K,   0% used [0x00000000a0000000, 0x00000000a0000000, 0x00000000a4480000)
  from space 8704K,  57% used [0x00000000a4d00000, 0x00000000a51e4dc0, 0x00000000a5580000)
  to   space 8704K,   0% used [0x00000000a4480000, 0x00000000a4480000, 0x00000000a4d00000)
 tenured generation   total 174784K, used 77101K [0x00000000c0000000, 0x00000000caab0000, 0x0000000100000000)
   the space 174784K,  44% used [0x00000000c0000000, 0x00000000c4b4b498, 0x00000000c4b4b600, 0x00000000caab0000)
 Metaspace       used 77897K, capacity 80218K, committed 80408K, reserved 1118208K
  class space    used 10225K, capacity 10741K, committed 10800K, reserved 1048576K
}
Event: 122.912 GC heap before
{Heap before GC invocations=23 (full 3):
 def new generation   total 78848K, used 75155K [0x00000000a0000000, 0x00000000a5580000, 0x00000000c0000000)
  eden space 70144K, 100% used [0x00000000a0000000, 0x00000000a4480000, 0x00000000a4480000)
  from space 8704K,  57% used [0x00000000a4d00000, 0x00000000a51e4dc0, 0x00000000a5580000)
  to   space 8704K,   0% used [0x00000000a4480000, 0x00000000a4480000, 0x00000000a4d00000)
 tenured generation   total 174784K, used 77101K [0x00000000c0000000, 0x00000000caab0000, 0x0000000100000000)
   the space 174784K,  44% used [0x00000000c0000000, 0x00000000c4b4b498, 0x00000000c4b4b600, 0x00000000caab0000)
 Metaspace       used 78043K, capacity 80388K, committed 80408K, reserved 1118208K
  class space    used 10242K, capacity 10786K, committed 10800K, reserved 1048576K
Event: 122.933 GC heap after
Heap after GC invocations=24 (full 3):
 def new generation   total 78848K, used 8704K [0x00000000a0000000, 0x00000000a5580000, 0x00000000c0000000)
  eden space 70144K,   0% used [0x00000000a0000000, 0x00000000a0000000, 0x00000000a4480000)
  from space 8704K, 100% used [0x00000000a4480000, 0x00000000a4d00000, 0x00000000a4d00000)
  to   space 8704K,   0% used [0x00000000a4d00000, 0x00000000a4d00000, 0x00000000a5580000)
 tenured generation   total 174784K, used 83271K [0x00000000c0000000, 0x00000000caab0000, 0x0000000100000000)
   the space 174784K,  47% used [0x00000000c0000000, 0x00000000c5151d20, 0x00000000c5151e00, 0x00000000caab0000)
 Metaspace       used 78043K, capacity 80388K, committed 80408K, reserved 1118208K
  class space    used 10242K, capacity 10786K, committed 10800K, reserved 1048576K
}
Event: 123.721 GC heap before
{Heap before GC invocations=24 (full 3):
 def new generation   total 78848K, used 78848K [0x00000000a0000000, 0x00000000a5580000, 0x00000000c0000000)
  eden space 70144K, 100% used [0x00000000a0000000, 0x00000000a4480000, 0x00000000a4480000)
  from space 8704K, 100% used [0x00000000a4480000, 0x00000000a4d00000, 0x00000000a4d00000)
  to   space 8704K,   0% used [0x00000000a4d00000, 0x00000000a4d00000, 0x00000000a5580000)
 tenured generation   total 174784K, used 83271K [0x00000000c0000000, 0x00000000caab0000, 0x0000000100000000)
   the space 174784K,  47% used [0x00000000c0000000, 0x00000000c5151d20, 0x00000000c5151e00, 0x00000000caab0000)
 Metaspace       used 78046K, capacity 80388K, committed 80408K, reserved 1118208K
  class space    used 10242K, capacity 10786K, committed 10800K, reserved 1048576K
Event: 123.736 GC heap after
Heap after GC invocations=25 (full 3):
 def new generation   total 78848K, used 8704K [0x00000000a0000000, 0x00000000a5580000, 0x00000000c0000000)
  eden space 70144K,   0% used [0x00000000a0000000, 0x00000000a0000000, 0x00000000a4480000)
  from space 8704K, 100% used [0x00000000a4d00000, 0x00000000a5580000, 0x00000000a5580000)
  to   space 8704K,   0% used [0x00000000a4480000, 0x00000000a4480000, 0x00000000a4d00000)
 tenured generation   total 174784K, used 86376K [0x00000000c0000000, 0x00000000caab0000, 0x0000000100000000)
   the space 174784K,  49% used [0x00000000c0000000, 0x00000000c545a090, 0x00000000c545a200, 0x00000000caab0000)
 Metaspace       used 78046K, capacity 80388K, committed 80408K, reserved 1118208K
  class space    used 10242K, capacity 10786K, committed 10800K, reserved 1048576K
}
Event: 127.054 GC heap before
{Heap before GC invocations=25 (full 3):
 def new generation   total 78848K, used 78848K [0x00000000a0000000, 0x00000000a5580000, 0x00000000c0000000)
  eden space 70144K, 100% used [0x00000000a0000000, 0x00000000a4480000, 0x00000000a4480000)
  from space 8704K, 100% used [0x00000000a4d00000, 0x00000000a5580000, 0x00000000a5580000)
  to   space 8704K,   0% used [0x00000000a4480000, 0x00000000a4480000, 0x00000000a4d00000)
 tenured generation   total 174784K, used 86376K [0x00000000c0000000, 0x00000000caab0000, 0x0000000100000000)
   the space 174784K,  49% used [0x00000000c0000000, 0x00000000c545a090, 0x00000000c545a200, 0x00000000caab0000)
 Metaspace       used 80051K, capacity 82524K, committed 82712K, reserved 1120256K
  class space    used 10494K, capacity 11030K, committed 11056K, reserved 1048576K
Event: 127.083 GC heap after
Heap after GC invocations=26 (full 3):
 def new generation   total 78848K, used 8703K [0x00000000a0000000, 0x00000000a5580000, 0x00000000c0000000)
  eden space 70144K,   0% used [0x00000000a0000000, 0x00000000a0000000, 0x00000000a4480000)
  from space 8704K,  99% used [0x00000000a4480000, 0x00000000a4cffff8, 0x00000000a4d00000)
  to   space 8704K,   0% used [0x00000000a4d00000, 0x00000000a4d00000, 0x00000000a5580000)
 tenured generation   total 174784K, used 90650K [0x00000000c0000000, 0x00000000caab0000, 0x0000000100000000)
   the space 174784K,  51% used [0x00000000c0000000, 0x00000000c5886818, 0x00000000c5886a00, 0x00000000caab0000)
 Metaspace       used 80051K, capacity 82524K, committed 82712K, reserved 1120256K
  class space    used 10494K, capacity 11030K, committed 11056K, reserved 1048576K
}
Event: 130.387 GC heap before
{Heap before GC invocations=26 (full 3):
 def new generation   total 78848K, used 78847K [0x00000000a0000000, 0x00000000a5580000, 0x00000000c0000000)
  eden space 70144K, 100% used [0x00000000a0000000, 0x00000000a4480000, 0x00000000a4480000)
  from space 8704K,  99% used [0x00000000a4480000, 0x00000000a4cffff8, 0x00000000a4d00000)
  to   space 8704K,   0% used [0x00000000a4d00000, 0x00000000a4d00000, 0x00000000a5580000)
 tenured generation   total 174784K, used 90650K [0x00000000c0000000, 0x00000000caab0000, 0x0000000100000000)
   the space 174784K,  51% used [0x00000000c0000000, 0x00000000c5886818, 0x00000000c5886a00, 0x00000000caab0000)
 Metaspace       used 86498K, capacity 89436K, committed 89496K, reserved 1126400K
  class space    used 11294K, capacity 11946K, committed 11952K, reserved 1048576K
Event: 130.415 GC heap after
Heap after GC invocations=27 (full 3):
 def new generation   total 78848K, used 8002K [0x00000000a0000000, 0x00000000a5580000, 0x00000000c0000000)
  eden space 70144K,   0% used [0x00000000a0000000, 0x00000000a0000000, 0x00000000a4480000)
  from space 8704K,  91% used [0x00000000a4d00000, 0x00000000a54d0988, 0x00000000a5580000)
  to   space 8704K,   0% used [0x00000000a4480000, 0x00000000a4480000, 0x00000000a4d00000)
 tenured generation   total 174784K, used 97413K [0x00000000c0000000, 0x00000000caab0000, 0x0000000100000000)
   the space 174784K,  55% used [0x00000000c0000000, 0x00000000c5f21580, 0x00000000c5f21600, 0x00000000caab0000)
 Metaspace       used 86498K, capacity 89436K, committed 89496K, reserved 1126400K
  class space    used 11294K, capacity 11946K, committed 11952K, reserved 1048576K
}

